[2023-01-28 17:13:37] Text error: Page not found | File: C:\xampp\htdocs\mvc_2\vendor\fw\core\Router.php | Line: 80 
==================================
[2023-01-28 17:13:37] Text error: Page not found | File: C:\xampp\htdocs\mvc_2\vendor\fw\core\Router.php | Line: 80 
==================================
[2023-01-28 17:15:35] Text error: Page not found | File: C:\xampp\htdocs\mvc_2\vendor\fw\core\Router.php | Line: 80 
==================================
[2023-01-28 17:15:35] Text error: Page not found | File: C:\xampp\htdocs\mvc_2\vendor\fw\core\Router.php | Line: 80 
==================================
[2023-01-28 17:17:00] Text error: Page not found | File: C:\xampp\htdocs\mvc_2\vendor\fw\core\Router.php | Line: 80 
==================================
[2023-01-28 17:17:26] Text error: Page not found | File: C:\xampp\htdocs\mvc_2\vendor\fw\core\Router.php | Line: 80 
==================================
[2023-01-28 17:18:08] Text error: Page not found | File: C:\xampp\htdocs\mvc_2\vendor\fw\core\Router.php | Line: 80 
==================================
[2023-01-28 17:18:42] Text error: Page not found | File: C:\xampp\htdocs\mvc_2\vendor\fw\core\Router.php | Line: 80 
==================================
[2023-01-28 17:18:46] Text error: Page not found | File: C:\xampp\htdocs\mvc_2\vendor\fw\core\Router.php | Line: 80 
==================================
[2023-01-28 17:18:55] Text error: Page not found | File: C:\xampp\htdocs\mvc_2\vendor\fw\core\Router.php | Line: 80 
==================================
[2023-01-28 17:21:38] Text error: Page not found | File: C:\xampp\htdocs\mvc_2\vendor\fw\core\Router.php | Line: 80 
==================================
[2023-01-28 17:22:24] Text error: Page not found | File: C:\xampp\htdocs\mvc_2\vendor\fw\core\Router.php | Line: 80 
==================================
[2023-01-28 17:22:29] Text error: Page not found | File: C:\xampp\htdocs\mvc_2\vendor\fw\core\Router.php | Line: 80 
==================================
[2023-01-28 17:22:35] Text error: Page not found | File: C:\xampp\htdocs\mvc_2\vendor\fw\core\Router.php | Line: 80 
==================================
[2023-01-28 17:25:57] Text error: Page not found | File: C:\xampp\htdocs\mvc_2\vendor\fw\core\Router.php | Line: 80 
==================================
[2023-01-28 17:26:05] Text error: Page not found | File: C:\xampp\htdocs\mvc_2\vendor\fw\core\Router.php | Line: 80 
==================================
[2023-01-28 17:26:20] Text error: Page not found | File: C:\xampp\htdocs\mvc_2\vendor\fw\core\Router.php | Line: 80 
==================================
[2023-01-28 17:28:18] Text error: Page not found | File: C:\xampp\htdocs\mvc_2\vendor\fw\core\Router.php | Line: 80 
==================================
[2023-01-28 17:28:39] Text error: Page not found | File: C:\xampp\htdocs\mvc_2\vendor\fw\core\Router.php | Line: 80 
==================================
[2023-01-28 17:28:42] Text error: File C:\xampp\htdocs\mvc_2/app/view/Language/change.php not found | File: C:\xampp\htdocs\mvc_2\vendor\fw\core\base\View.php | Line: 75 
==================================
[2023-01-28 17:28:42] Text error: Page not found | File: C:\xampp\htdocs\mvc_2\vendor\fw\core\Router.php | Line: 80 
==================================
[2023-01-28 17:28:42] Text error: Page not found | File: C:\xampp\htdocs\mvc_2\vendor\fw\core\Router.php | Line: 80 
==================================
[2023-01-28 17:32:13] Text error: Page not found | File: C:\xampp\htdocs\mvc_2\vendor\fw\core\Router.php | Line: 80 
==================================
[2023-01-28 17:32:13] Text error: Page not found | File: C:\xampp\htdocs\mvc_2\vendor\fw\core\Router.php | Line: 80 
==================================
[2023-01-28 17:32:13] Text error: Page not found | File: C:\xampp\htdocs\mvc_2\vendor\fw\core\Router.php | Line: 80 
==================================
[2023-01-28 17:32:21] Text error: Page not found | File: C:\xampp\htdocs\mvc_2\vendor\fw\core\Router.php | Line: 80 
==================================
[2023-01-28 17:32:24] Text error: Page not found | File: C:\xampp\htdocs\mvc_2\vendor\fw\core\Router.php | Line: 80 
==================================
[2023-01-28 17:32:27] Text error: Page not found | File: C:\xampp\htdocs\mvc_2\vendor\fw\core\Router.php | Line: 80 
==================================
[2023-01-28 17:32:27] Text error: Page not found | File: C:\xampp\htdocs\mvc_2\vendor\fw\core\Router.php | Line: 80 
==================================
[2023-01-28 17:32:27] Text error: Page not found | File: C:\xampp\htdocs\mvc_2\vendor\fw\core\Router.php | Line: 80 
==================================
[2023-01-28 17:33:21] Text error: Class "R" not found | File: C:\xampp\htdocs\mvc_2\vendor\fw\widgets\language\Language.php | Line: 24 
==================================
[2023-01-28 18:23:27] Text error: Page not found | File: C:\xampp\htdocs\mvc_2\vendor\fw\core\Router.php | Line: 80 
==================================
[2023-01-28 18:23:32] Text error: Page not found | File: C:\xampp\htdocs\mvc_2\vendor\fw\core\Router.php | Line: 80 
==================================
[2023-01-28 18:23:35] Text error: Page not found | File: C:\xampp\htdocs\mvc_2\vendor\fw\core\Router.php | Line: 80 
==================================
[2023-01-28 18:23:37] Text error: Page not found | File: C:\xampp\htdocs\mvc_2\vendor\fw\core\Router.php | Line: 80 
==================================
[2023-01-28 18:23:41] Text error: Page not found | File: C:\xampp\htdocs\mvc_2\vendor\fw\core\Router.php | Line: 80 
==================================
[2023-01-28 18:23:46] Text error: Page not found | File: C:\xampp\htdocs\mvc_2\vendor\fw\core\Router.php | Line: 80 
==================================
[2023-01-28 18:23:46] Text error: Page not found | File: C:\xampp\htdocs\mvc_2\vendor\fw\core\Router.php | Line: 80 
==================================
[2023-01-28 18:23:46] Text error: Page not found | File: C:\xampp\htdocs\mvc_2\vendor\fw\core\Router.php | Line: 80 
==================================
[2023-01-28 18:23:56] Text error: Page not found | File: C:\xampp\htdocs\mvc_2\vendor\fw\core\Router.php | Line: 80 
==================================
[2023-01-28 18:23:56] Text error: Page not found | File: C:\xampp\htdocs\mvc_2\vendor\fw\core\Router.php | Line: 80 
==================================
[2023-01-28 18:23:56] Text error: Page not found | File: C:\xampp\htdocs\mvc_2\vendor\fw\core\Router.php | Line: 80 
==================================
[2023-01-28 18:24:03] Text error: Page not found | File: C:\xampp\htdocs\mvc_2\vendor\fw\core\Router.php | Line: 80 
==================================
[2023-01-28 18:24:09] Text error: Page not found | File: C:\xampp\htdocs\mvc_2\vendor\fw\core\Router.php | Line: 80 
==================================
[2023-01-28 18:24:09] Text error: Page not found | File: C:\xampp\htdocs\mvc_2\vendor\fw\core\Router.php | Line: 80 
==================================
[2023-01-28 18:24:09] Text error: Page not found | File: C:\xampp\htdocs\mvc_2\vendor\fw\core\Router.php | Line: 80 
==================================
[2023-01-28 18:24:26] Text error: Page not found | File: C:\xampp\htdocs\mvc_2\vendor\fw\core\Router.php | Line: 80 
==================================
[2023-01-28 18:24:31] Text error: Page not found | File: C:\xampp\htdocs\mvc_2\vendor\fw\core\Router.php | Line: 80 
==================================
[2023-01-28 18:24:39] Text error: Page not found | File: C:\xampp\htdocs\mvc_2\vendor\fw\core\Router.php | Line: 80 
==================================
[2023-01-28 18:24:45] Text error: Page not found | File: C:\xampp\htdocs\mvc_2\vendor\fw\core\Router.php | Line: 80 
==================================
[2023-01-28 18:24:51] Text error: Page not found | File: C:\xampp\htdocs\mvc_2\vendor\fw\core\Router.php | Line: 80 
==================================
[2023-01-28 18:35:16] Text error: Page not found | File: C:\xampp\htdocs\mvc_2\vendor\fw\core\Router.php | Line: 80 
==================================
[2023-01-28 18:35:18] Text error: Page not found | File: C:\xampp\htdocs\mvc_2\vendor\fw\core\Router.php | Line: 80 
==================================
[2023-01-28 18:35:20] Text error: Page not found | File: C:\xampp\htdocs\mvc_2\vendor\fw\core\Router.php | Line: 80 
==================================
[2023-01-28 18:35:23] Text error: Page not found | File: C:\xampp\htdocs\mvc_2\vendor\fw\core\Router.php | Line: 80 
==================================
[2023-01-28 18:35:25] Text error: Page not found | File: C:\xampp\htdocs\mvc_2\vendor\fw\core\Router.php | Line: 80 
==================================
[2023-01-28 19:14:35] Text error: Page not found | File: C:\xampp\htdocs\mvc_2\vendor\fw\core\Router.php | Line: 80 
==================================
[2023-01-28 19:14:40] Text error: Page not found | File: C:\xampp\htdocs\mvc_2\vendor\fw\core\Router.php | Line: 80 
==================================
[2023-01-28 19:14:44] Text error: Page not found | File: C:\xampp\htdocs\mvc_2\vendor\fw\core\Router.php | Line: 80 
==================================
[2023-01-28 19:14:44] Text error: Page not found | File: C:\xampp\htdocs\mvc_2\vendor\fw\core\Router.php | Line: 80 
==================================
[2023-01-28 19:14:44] Text error: Page not found | File: C:\xampp\htdocs\mvc_2\vendor\fw\core\Router.php | Line: 80 
==================================
[2023-01-28 19:15:30] Text error: Page not found | File: C:\xampp\htdocs\mvc_2\vendor\fw\core\Router.php | Line: 80 
==================================
[2023-01-28 19:15:30] Text error: Page not found | File: C:\xampp\htdocs\mvc_2\vendor\fw\core\Router.php | Line: 80 
==================================
[2023-01-28 19:15:30] Text error: Page not found | File: C:\xampp\htdocs\mvc_2\vendor\fw\core\Router.php | Line: 80 
==================================
[2023-01-28 19:15:42] Text error: Page not found | File: C:\xampp\htdocs\mvc_2\vendor\fw\core\Router.php | Line: 80 
==================================
[2023-01-28 19:15:42] Text error: Page not found | File: C:\xampp\htdocs\mvc_2\vendor\fw\core\Router.php | Line: 80 
==================================
[2023-01-28 19:15:42] Text error: Page not found | File: C:\xampp\htdocs\mvc_2\vendor\fw\core\Router.php | Line: 80 
==================================
[2023-01-28 19:15:45] Text error: Page not found | File: C:\xampp\htdocs\mvc_2\vendor\fw\core\Router.php | Line: 80 
==================================
[2023-01-28 19:15:47] Text error: Page not found | File: C:\xampp\htdocs\mvc_2\vendor\fw\core\Router.php | Line: 80 
==================================
[2023-01-28 19:15:53] Text error: Page not found | File: C:\xampp\htdocs\mvc_2\vendor\fw\core\Router.php | Line: 80 
==================================
[2023-01-28 19:15:53] Text error: Page not found | File: C:\xampp\htdocs\mvc_2\vendor\fw\core\Router.php | Line: 80 
==================================
[2023-01-28 19:15:53] Text error: Page not found | File: C:\xampp\htdocs\mvc_2\vendor\fw\core\Router.php | Line: 80 
==================================
[2023-01-28 19:16:15] Text error: Page not found | File: C:\xampp\htdocs\mvc_2\vendor\fw\core\Router.php | Line: 80 
==================================
[2023-01-28 19:17:02] Text error: Page not found | File: C:\xampp\htdocs\mvc_2\vendor\fw\core\Router.php | Line: 80 
==================================
[2023-01-28 19:17:02] Text error: Page not found | File: C:\xampp\htdocs\mvc_2\vendor\fw\core\Router.php | Line: 80 
==================================
[2023-01-28 19:17:02] Text error: Page not found | File: C:\xampp\htdocs\mvc_2\vendor\fw\core\Router.php | Line: 80 
==================================
[2023-01-28 19:17:43] Text error: Page not found | File: C:\xampp\htdocs\mvc_2\vendor\fw\core\Router.php | Line: 80 
==================================
[2023-01-28 19:17:43] Text error: Page not found | File: C:\xampp\htdocs\mvc_2\vendor\fw\core\Router.php | Line: 80 
==================================
[2023-01-28 19:17:43] Text error: Page not found | File: C:\xampp\htdocs\mvc_2\vendor\fw\core\Router.php | Line: 80 
==================================
[2023-01-28 19:17:45] Text error: Page not found | File: C:\xampp\htdocs\mvc_2\vendor\fw\core\Router.php | Line: 80 
==================================
[2023-01-28 19:17:45] Text error: Page not found | File: C:\xampp\htdocs\mvc_2\vendor\fw\core\Router.php | Line: 80 
==================================
[2023-01-28 19:17:45] Text error: Page not found | File: C:\xampp\htdocs\mvc_2\vendor\fw\core\Router.php | Line: 80 
==================================
[2023-01-28 19:17:49] Text error: Page not found | File: C:\xampp\htdocs\mvc_2\vendor\fw\core\Router.php | Line: 80 
==================================
[2023-01-28 19:17:57] Text error: Page not found | File: C:\xampp\htdocs\mvc_2\vendor\fw\core\Router.php | Line: 80 
==================================
[2023-01-28 19:17:59] Text error: Page not found | File: C:\xampp\htdocs\mvc_2\vendor\fw\core\Router.php | Line: 80 
==================================
[2023-01-28 19:19:48] Text error: Page not found | File: C:\xampp\htdocs\mvc_2\vendor\fw\core\Router.php | Line: 80 
==================================
[2023-01-28 19:19:55] Text error: Page not found | File: C:\xampp\htdocs\mvc_2\vendor\fw\core\Router.php | Line: 80 
==================================
[2023-01-28 19:19:55] Text error: Page not found | File: C:\xampp\htdocs\mvc_2\vendor\fw\core\Router.php | Line: 80 
==================================
[2023-01-28 19:19:55] Text error: Page not found | File: C:\xampp\htdocs\mvc_2\vendor\fw\core\Router.php | Line: 80 
==================================
[2023-01-29 09:54:57] Text error: Page not found | File: C:\xampp\htdocs\mvc_2\vendor\fw\core\Router.php | Line: 80 
==================================
[2023-01-29 09:54:57] Text error: Page not found | File: C:\xampp\htdocs\mvc_2\vendor\fw\core\Router.php | Line: 80 
==================================
[2023-01-29 09:54:57] Text error: Page not found | File: C:\xampp\htdocs\mvc_2\vendor\fw\core\Router.php | Line: 80 
==================================
[2023-01-29 10:05:11] Text error: Page not found | File: C:\xampp\htdocs\mvc_2\vendor\fw\core\Router.php | Line: 80 
==================================
[2023-01-29 10:05:11] Text error: Page not found | File: C:\xampp\htdocs\mvc_2\vendor\fw\core\Router.php | Line: 80 
==================================
[2023-01-29 10:05:11] Text error: Page not found | File: C:\xampp\htdocs\mvc_2\vendor\fw\core\Router.php | Line: 80 
==================================
[2023-01-29 10:05:23] Text error: Page not found | File: C:\xampp\htdocs\mvc_2\vendor\fw\core\Router.php | Line: 80 
==================================
[2023-01-29 10:05:23] Text error: Page not found | File: C:\xampp\htdocs\mvc_2\vendor\fw\core\Router.php | Line: 80 
==================================
[2023-01-29 10:05:23] Text error: Page not found | File: C:\xampp\htdocs\mvc_2\vendor\fw\core\Router.php | Line: 80 
==================================
[2023-01-29 10:06:37] Text error: Page not found | File: C:\xampp\htdocs\mvc_2\vendor\fw\core\Router.php | Line: 80 
==================================
[2023-01-29 10:06:37] Text error: Page not found | File: C:\xampp\htdocs\mvc_2\vendor\fw\core\Router.php | Line: 80 
==================================
[2023-01-29 10:06:37] Text error: Page not found | File: C:\xampp\htdocs\mvc_2\vendor\fw\core\Router.php | Line: 80 
==================================
[2023-01-29 10:06:48] Text error: Page not found | File: C:\xampp\htdocs\mvc_2\vendor\fw\core\Router.php | Line: 80 
==================================
[2023-01-29 10:06:48] Text error: Page not found | File: C:\xampp\htdocs\mvc_2\vendor\fw\core\Router.php | Line: 80 
==================================
[2023-01-29 10:06:48] Text error: Page not found | File: C:\xampp\htdocs\mvc_2\vendor\fw\core\Router.php | Line: 80 
==================================
[2023-01-29 10:06:56] Text error: Page not found | File: C:\xampp\htdocs\mvc_2\vendor\fw\core\Router.php | Line: 80 
==================================
[2023-01-29 10:06:56] Text error: Page not found | File: C:\xampp\htdocs\mvc_2\vendor\fw\core\Router.php | Line: 80 
==================================
[2023-01-29 10:06:56] Text error: Page not found | File: C:\xampp\htdocs\mvc_2\vendor\fw\core\Router.php | Line: 80 
==================================
[2023-01-29 10:10:54] Text error: Page not found | File: C:\xampp\htdocs\mvc_2\vendor\fw\core\Router.php | Line: 82 
==================================
[2023-01-29 10:10:54] Text error: Page not found | File: C:\xampp\htdocs\mvc_2\vendor\fw\core\Router.php | Line: 82 
==================================
[2023-01-29 10:10:54] Text error: Page not found | File: C:\xampp\htdocs\mvc_2\vendor\fw\core\Router.php | Line: 82 
==================================
[2023-01-29 10:11:04] Text error: Page not found | File: C:\xampp\htdocs\mvc_2\vendor\fw\core\Router.php | Line: 82 
==================================
[2023-01-29 10:11:04] Text error: Page not found | File: C:\xampp\htdocs\mvc_2\vendor\fw\core\Router.php | Line: 82 
==================================
[2023-01-29 10:11:04] Text error: Page not found | File: C:\xampp\htdocs\mvc_2\vendor\fw\core\Router.php | Line: 82 
==================================
[2023-01-29 10:18:56] Text error: Undefined property: fw\core\Registry::$getProperties | File: C:\xampp\htdocs\mvc_2\app\controller\MainController.php | Line: 24 
==================================
[2023-01-29 10:19:13] Text error: Undefined property: fw\core\Registry::$getProperty | File: C:\xampp\htdocs\mvc_2\app\controller\MainController.php | Line: 24 
==================================
[2023-01-29 10:20:21] Text error: Cannot access protected property fw\core\Registry::$properties | File: C:\xampp\htdocs\mvc_2\app\controller\MainController.php | Line: 24 
==================================
[2023-01-29 11:00:38] Text error: Page not found | File: C:\xampp\htdocs\mvc_2\vendor\fw\core\Router.php | Line: 82 
==================================
[2023-01-29 11:01:23] Text error: Page not found | File: C:\xampp\htdocs\mvc_2\vendor\fw\core\Router.php | Line: 82 
==================================
[2023-01-29 11:02:13] Text error: Page not found | File: C:\xampp\htdocs\mvc_2\vendor\fw\core\Router.php | Line: 82 
==================================
[2023-01-29 11:12:42] Text error: Page not found | File: C:\xampp\htdocs\mvc_2\vendor\fw\core\Router.php | Line: 82 
==================================
[2023-01-29 11:13:22] Text error: Too few arguments to function fw\widgets\language\Language::getLanguage(), 0 passed in C:\xampp\htdocs\mvc_2\app\controller\AppController.php on line 25 and exactly 1 expected | File: C:\xampp\htdocs\mvc_2\vendor\fw\widgets\language\Language.php | Line: 27 
==================================
[2023-01-29 11:13:37] Text error: Page not found | File: C:\xampp\htdocs\mvc_2\vendor\fw\core\Router.php | Line: 82 
==================================
[2023-01-29 11:21:09] Text error: Page not found | File: C:\xampp\htdocs\mvc_2\vendor\fw\core\Router.php | Line: 82 
==================================
[2023-01-29 11:21:13] Text error: Page not found | File: C:\xampp\htdocs\mvc_2\vendor\fw\core\Router.php | Line: 82 
==================================
[2023-01-29 11:21:17] Text error: Page not found | File: C:\xampp\htdocs\mvc_2\vendor\fw\core\Router.php | Line: 82 
==================================
[2023-01-29 11:21:20] Text error: Page not found | File: C:\xampp\htdocs\mvc_2\vendor\fw\core\Router.php | Line: 82 
==================================
[2023-01-29 11:21:23] Text error: Page not found | File: C:\xampp\htdocs\mvc_2\vendor\fw\core\Router.php | Line: 82 
==================================
[2023-01-29 11:21:24] Text error: Page not found | File: C:\xampp\htdocs\mvc_2\vendor\fw\core\Router.php | Line: 82 
==================================
[2023-01-29 11:21:24] Text error: Page not found | File: C:\xampp\htdocs\mvc_2\vendor\fw\core\Router.php | Line: 82 
==================================
[2023-01-29 11:21:26] Text error: Page not found | File: C:\xampp\htdocs\mvc_2\vendor\fw\core\Router.php | Line: 82 
==================================
[2023-01-29 14:38:55] Text error: Page not found | File: C:\xampp\htdocs\mvc_2\vendor\fw\core\Router.php | Line: 82 
==================================
[2023-01-29 14:38:58] Text error: Page not found | File: C:\xampp\htdocs\mvc_2\vendor\fw\core\Router.php | Line: 82 
==================================
[2023-01-29 14:39:16] Text error: Page not found | File: C:\xampp\htdocs\mvc_2\vendor\fw\core\Router.php | Line: 82 
==================================
[2023-01-29 14:39:46] Text error: Page not found | File: C:\xampp\htdocs\mvc_2\vendor\fw\core\Router.php | Line: 82 
==================================
[2023-01-29 14:39:49] Text error: Page not found | File: C:\xampp\htdocs\mvc_2\vendor\fw\core\Router.php | Line: 82 
==================================
[2023-01-29 14:39:53] Text error: Page not found | File: C:\xampp\htdocs\mvc_2\vendor\fw\core\Router.php | Line: 82 
==================================
[2023-01-29 14:39:55] Text error: Page not found | File: C:\xampp\htdocs\mvc_2\vendor\fw\core\Router.php | Line: 82 
==================================
[2023-01-29 14:39:55] Text error: Page not found | File: C:\xampp\htdocs\mvc_2\vendor\fw\core\Router.php | Line: 82 
==================================
[2023-01-29 14:39:55] Text error: Page not found | File: C:\xampp\htdocs\mvc_2\vendor\fw\core\Router.php | Line: 82 
==================================
[2023-01-29 14:41:38] Text error: Page not found | File: C:\xampp\htdocs\mvc_2\vendor\fw\core\Router.php | Line: 82 
==================================
[2023-01-29 14:41:41] Text error: Page not found | File: C:\xampp\htdocs\mvc_2\vendor\fw\core\Router.php | Line: 82 
==================================
[2023-01-29 14:41:45] Text error: Page not found | File: C:\xampp\htdocs\mvc_2\vendor\fw\core\Router.php | Line: 82 
==================================
[2023-01-29 14:41:48] Text error: File C:\xampp\htdocs\mvc_2/app/view/Language/change.php not found | File: C:\xampp\htdocs\mvc_2\vendor\fw\core\base\View.php | Line: 75 
==================================
[2023-01-29 14:41:48] Text error: Page not found | File: C:\xampp\htdocs\mvc_2\vendor\fw\core\Router.php | Line: 82 
==================================
[2023-01-29 14:41:48] Text error: Page not found | File: C:\xampp\htdocs\mvc_2\vendor\fw\core\Router.php | Line: 82 
==================================
[2023-01-29 14:42:52] Text error: File C:\xampp\htdocs\mvc_2/app/view/Language/change.php not found | File: C:\xampp\htdocs\mvc_2\vendor\fw\core\base\View.php | Line: 75 
==================================
[2023-01-29 14:42:52] Text error: Page not found | File: C:\xampp\htdocs\mvc_2\vendor\fw\core\Router.php | Line: 82 
==================================
[2023-01-29 14:42:52] Text error: Page not found | File: C:\xampp\htdocs\mvc_2\vendor\fw\core\Router.php | Line: 82 
==================================
[2023-01-29 14:42:54] Text error: Page not found | File: C:\xampp\htdocs\mvc_2\vendor\fw\core\Router.php | Line: 82 
==================================
[2023-01-29 14:42:56] Text error: Page not found | File: C:\xampp\htdocs\mvc_2\vendor\fw\core\Router.php | Line: 82 
==================================
[2023-01-29 14:42:59] Text error: File C:\xampp\htdocs\mvc_2/app/view/Language/change.php not found | File: C:\xampp\htdocs\mvc_2\vendor\fw\core\base\View.php | Line: 75 
==================================
[2023-01-29 14:42:59] Text error: Page not found | File: C:\xampp\htdocs\mvc_2\vendor\fw\core\Router.php | Line: 82 
==================================
[2023-01-29 14:42:59] Text error: Page not found | File: C:\xampp\htdocs\mvc_2\vendor\fw\core\Router.php | Line: 82 
==================================
[2023-01-29 14:43:08] Text error: Page not found | File: C:\xampp\htdocs\mvc_2\vendor\fw\core\Router.php | Line: 82 
==================================
[2023-01-29 14:43:10] Text error: Page not found | File: C:\xampp\htdocs\mvc_2\vendor\fw\core\Router.php | Line: 82 
==================================
[2023-01-29 14:43:13] Text error: Page not found | File: C:\xampp\htdocs\mvc_2\vendor\fw\core\Router.php | Line: 82 
==================================
[2023-01-29 14:43:13] Text error: Page not found | File: C:\xampp\htdocs\mvc_2\vendor\fw\core\Router.php | Line: 82 
==================================
[2023-01-29 14:43:13] Text error: Page not found | File: C:\xampp\htdocs\mvc_2\vendor\fw\core\Router.php | Line: 82 
==================================
[2023-01-29 14:45:27] Text error: Page not found | File: C:\xampp\htdocs\mvc_2\vendor\fw\core\Router.php | Line: 82 
==================================
[2023-01-29 14:45:27] Text error: Page not found | File: C:\xampp\htdocs\mvc_2\vendor\fw\core\Router.php | Line: 82 
==================================
[2023-01-29 14:45:27] Text error: Page not found | File: C:\xampp\htdocs\mvc_2\vendor\fw\core\Router.php | Line: 82 
==================================
[2023-01-29 14:45:34] Text error: Page not found | File: C:\xampp\htdocs\mvc_2\vendor\fw\core\Router.php | Line: 82 
==================================
[2023-01-29 14:45:35] Text error: Page not found | File: C:\xampp\htdocs\mvc_2\vendor\fw\core\Router.php | Line: 82 
==================================
[2023-01-29 14:45:37] Text error: Page not found | File: C:\xampp\htdocs\mvc_2\vendor\fw\core\Router.php | Line: 82 
==================================
[2023-01-29 14:45:40] Text error: File C:\xampp\htdocs\mvc_2/app/view/Language/change.php not found | File: C:\xampp\htdocs\mvc_2\vendor\fw\core\base\View.php | Line: 75 
==================================
[2023-01-29 14:45:40] Text error: Page not found | File: C:\xampp\htdocs\mvc_2\vendor\fw\core\Router.php | Line: 82 
==================================
[2023-01-29 14:45:40] Text error: Page not found | File: C:\xampp\htdocs\mvc_2\vendor\fw\core\Router.php | Line: 82 
==================================
[2023-01-29 14:49:25] Text error: Page not found | File: C:\xampp\htdocs\mvc_2\vendor\fw\core\Router.php | Line: 82 
==================================
[2023-01-29 14:49:30] Text error: File C:\xampp\htdocs\mvc_2/app/view/Language/change.php not found | File: C:\xampp\htdocs\mvc_2\vendor\fw\core\base\View.php | Line: 75 
==================================
[2023-01-29 14:49:30] Text error: Page not found | File: C:\xampp\htdocs\mvc_2\vendor\fw\core\Router.php | Line: 82 
==================================
[2023-01-29 14:49:30] Text error: Page not found | File: C:\xampp\htdocs\mvc_2\vendor\fw\core\Router.php | Line: 82 
==================================
[2023-01-29 14:49:33] Text error: Page not found | File: C:\xampp\htdocs\mvc_2\vendor\fw\core\Router.php | Line: 82 
==================================
[2023-01-29 14:49:37] Text error: Page not found | File: C:\xampp\htdocs\mvc_2\vendor\fw\core\Router.php | Line: 82 
==================================
[2023-01-29 14:49:40] Text error: File C:\xampp\htdocs\mvc_2/app/view/Language/change.php not found | File: C:\xampp\htdocs\mvc_2\vendor\fw\core\base\View.php | Line: 75 
==================================
[2023-01-29 14:49:40] Text error: Page not found | File: C:\xampp\htdocs\mvc_2\vendor\fw\core\Router.php | Line: 82 
==================================
[2023-01-29 14:49:40] Text error: Page not found | File: C:\xampp\htdocs\mvc_2\vendor\fw\core\Router.php | Line: 82 
==================================
[2023-01-29 14:50:02] Text error: Page not found | File: C:\xampp\htdocs\mvc_2\vendor\fw\core\Router.php | Line: 82 
==================================
[2023-01-29 14:50:07] Text error: Page not found | File: C:\xampp\htdocs\mvc_2\vendor\fw\core\Router.php | Line: 82 
==================================
[2023-01-29 14:50:14] Text error: Page not found | File: C:\xampp\htdocs\mvc_2\vendor\fw\core\Router.php | Line: 82 
==================================
[2023-01-29 14:50:16] Text error: Page not found | File: C:\xampp\htdocs\mvc_2\vendor\fw\core\Router.php | Line: 82 
==================================
[2023-01-29 14:50:19] Text error: Page not found | File: C:\xampp\htdocs\mvc_2\vendor\fw\core\Router.php | Line: 82 
==================================
[2023-01-29 14:51:50] Text error: Page not found | File: C:\xampp\htdocs\mvc_2\vendor\fw\core\Router.php | Line: 82 
==================================
[2023-01-29 14:51:55] Text error: Page not found | File: C:\xampp\htdocs\mvc_2\vendor\fw\core\Router.php | Line: 82 
==================================
[2023-01-29 14:51:57] Text error: Page not found | File: C:\xampp\htdocs\mvc_2\vendor\fw\core\Router.php | Line: 82 
==================================
[2023-01-29 14:52:00] Text error: Page not found | File: C:\xampp\htdocs\mvc_2\vendor\fw\core\Router.php | Line: 82 
==================================
[2023-01-29 14:52:04] Text error: Page not found | File: C:\xampp\htdocs\mvc_2\vendor\fw\core\Router.php | Line: 82 
==================================
[2023-01-29 14:52:06] Text error: Page not found | File: C:\xampp\htdocs\mvc_2\vendor\fw\core\Router.php | Line: 82 
==================================
[2023-02-02 08:51:40] Text error: Page not found | File: C:\xampp\htdocs\mvc_2\vendor\fw\core\Router.php | Line: 82 
==================================
[2023-02-02 08:54:27] Text error: Page not found | File: C:\xampp\htdocs\mvc_2\vendor\fw\core\Router.php | Line: 82 
==================================
[2023-02-02 09:00:15] Text error: Page not found | File: C:\xampp\htdocs\mvc_2\vendor\fw\core\Router.php | Line: 82 
==================================
[2024-02-20 14:38:42] Text error: Could not connect to database (mvc_2). | File: C:\xampp\htdocs\mvc_2\vendor\fw\libs\rb.php | Line: 1105 
==================================
[2024-03-14 09:55:17] Text error: Could not connect to database (mvc_2). | File: C:\xampp\htdocs\mvc_2\vendor\fw\libs\rb.php | Line: 1105 
==================================
